{"/home/asorey/Documentos/GoStack/GoBarber/GoBarber_backend/src/modules/appointments/services/CreateAppointmentService.ts": {"path":"/home/asorey/Documentos/GoStack/GoBarber/GoBarber_backend/src/modules/appointments/services/CreateAppointmentService.ts","statementMap":{"0":{"start":{"line":1,"column":0},"end":{"line":1,"column":39}},"1":{"start":{"line":2,"column":0},"end":{"line":2,"column":46}},"2":{"start":{"line":5,"column":0},"end":{"line":5,"column":47}},"3":{"start":{"line":15,"column":0},"end":{"line":15,"column":6}},"4":{"start":{"line":18,"column":12},"end":{"line":18,"column":59}},"5":{"start":{"line":21,"column":15},"end":{"line":38,"column":null}},"6":{"start":{"line":21,"column":25},"end":{"line":21,"column":29}},"7":{"start":{"line":21,"column":31},"end":{"line":21,"column":42}},"8":{"start":{"line":22,"column":10},"end":{"line":22,"column":46}},"9":{"start":{"line":24,"column":38},"end":{"line":26,"column":null}},"10":{"start":{"line":24,"column":10},"end":{"line":26,"column":null}},"11":{"start":{"line":28,"column":4},"end":{"line":30,"column":null}},"12":{"start":{"line":29,"column":6},"end":{"line":29,"column":63}},"13":{"start":{"line":32,"column":24},"end":{"line":35,"column":null}},"14":{"start":{"line":32,"column":10},"end":{"line":35,"column":null}},"15":{"start":{"line":37,"column":4},"end":{"line":37,"column":23}},"16":{"start":{"line":15,"column":6},"end":{"line":39,"column":null}},"17":{"start":{"line":39,"column":0},"end":{"line":39,"column":null}},"18":{"start":{"line":41,"column":0},"end":{"line":41,"column":40}}},"fnMap":{"0":{"name":"(anonymous_18)","decl":{"start":{"line":15,"column":0},"end":{"line":15,"column":6}},"loc":{"start":{"line":15,"column":0},"end":{"line":15,"column":6}}},"1":{"name":"CreateAppointmentService","decl":{"start":{"line":16,"column":2},"end":{"line":16,"column":null}},"loc":{"start":{"line":18,"column":59},"end":{"line":19,"column":6}}},"2":{"name":"(anonymous_20)","decl":{"start":{"line":21,"column":2},"end":{"line":21,"column":15}},"loc":{"start":{"line":21,"column":54},"end":{"line":38,"column":null}}}},"branchMap":{"0":{"loc":{"start":{"line":28,"column":4},"end":{"line":30,"column":null}},"type":"if","locations":[{"start":{"line":28,"column":4},"end":{"line":30,"column":null}},{"start":{"line":28,"column":4},"end":{"line":30,"column":null}}]}},"s":{"0":1,"1":1,"2":1,"3":1,"4":1,"5":1,"6":1,"7":1,"8":1,"9":1,"10":1,"11":1,"12":0,"13":1,"14":1,"15":1,"16":1,"17":1,"18":1},"f":{"0":1,"1":1,"2":1},"b":{"0":[0,1]}}
,"/home/asorey/Documentos/GoStack/GoBarber/GoBarber_backend/src/modules/users/services/CreateUserService.ts": {"path":"/home/asorey/Documentos/GoStack/GoBarber/GoBarber_backend/src/modules/users/services/CreateUserService.ts","statementMap":{"0":{"start":{"line":1,"column":0},"end":{"line":1,"column":32}},"1":{"start":{"line":3,"column":0},"end":{"line":3,"column":47}},"2":{"start":{"line":5,"column":0},"end":{"line":5,"column":46}},"3":{"start":{"line":13,"column":0},"end":{"line":13,"column":6}},"4":{"start":{"line":16,"column":12},"end":{"line":16,"column":45}},"5":{"start":{"line":19,"column":15},"end":{"line":34,"column":null}},"6":{"start":{"line":19,"column":25},"end":{"line":19,"column":29}},"7":{"start":{"line":19,"column":31},"end":{"line":19,"column":36}},"8":{"start":{"line":19,"column":38},"end":{"line":19,"column":46}},"9":{"start":{"line":20,"column":28},"end":{"line":20,"column":null}},"10":{"start":{"line":20,"column":10},"end":{"line":20,"column":null}},"11":{"start":{"line":22,"column":4},"end":{"line":24,"column":null}},"12":{"start":{"line":23,"column":6},"end":{"line":23,"column":57}},"13":{"start":{"line":26,"column":27},"end":{"line":26,"column":null}},"14":{"start":{"line":26,"column":10},"end":{"line":26,"column":null}},"15":{"start":{"line":27,"column":10},"end":{"line":31,"column":7}},"16":{"start":{"line":33,"column":4},"end":{"line":33,"column":16}},"17":{"start":{"line":13,"column":6},"end":{"line":35,"column":null}},"18":{"start":{"line":35,"column":0},"end":{"line":35,"column":null}},"19":{"start":{"line":37,"column":0},"end":{"line":37,"column":33}}},"fnMap":{"0":{"name":"(anonymous_18)","decl":{"start":{"line":13,"column":0},"end":{"line":13,"column":6}},"loc":{"start":{"line":13,"column":0},"end":{"line":13,"column":6}}},"1":{"name":"CreateUserService","decl":{"start":{"line":14,"column":2},"end":{"line":14,"column":null}},"loc":{"start":{"line":16,"column":45},"end":{"line":17,"column":6}}},"2":{"name":"(anonymous_20)","decl":{"start":{"line":19,"column":2},"end":{"line":19,"column":15}},"loc":{"start":{"line":19,"column":58},"end":{"line":34,"column":null}}}},"branchMap":{"0":{"loc":{"start":{"line":20,"column":28},"end":{"line":20,"column":null}},"type":"switch","locations":[{"start":{"line":20,"column":28},"end":{"line":20,"column":null}}]},"1":{"loc":{"start":{"line":22,"column":4},"end":{"line":24,"column":null}},"type":"if","locations":[{"start":{"line":22,"column":4},"end":{"line":24,"column":null}},{"start":{"line":22,"column":4},"end":{"line":24,"column":null}}]}},"s":{"0":0,"1":0,"2":0,"3":0,"4":0,"5":0,"6":0,"7":0,"8":0,"9":0,"10":0,"11":0,"12":0,"13":0,"14":0,"15":0,"16":0,"17":0,"18":0,"19":0},"f":{"0":0,"1":0,"2":0},"b":{"0":[0],"1":[0,0]}}
,"/home/asorey/Documentos/GoStack/GoBarber/GoBarber_backend/src/modules/users/services/UpdateUserAvatarService.ts": {"path":"/home/asorey/Documentos/GoStack/GoBarber/GoBarber_backend/src/modules/users/services/UpdateUserAvatarService.ts","statementMap":{"0":{"start":{"line":1,"column":0},"end":{"line":1,"column":24}},"1":{"start":{"line":2,"column":0},"end":{"line":2,"column":20}},"2":{"start":{"line":4,"column":0},"end":{"line":4,"column":42}},"3":{"start":{"line":5,"column":0},"end":{"line":5,"column":47}},"4":{"start":{"line":7,"column":0},"end":{"line":7,"column":46}},"5":{"start":{"line":14,"column":0},"end":{"line":14,"column":6}},"6":{"start":{"line":17,"column":12},"end":{"line":17,"column":45}},"7":{"start":{"line":20,"column":15},"end":{"line":40,"column":null}},"8":{"start":{"line":20,"column":25},"end":{"line":20,"column":32}},"9":{"start":{"line":20,"column":34},"end":{"line":20,"column":48}},"10":{"start":{"line":21,"column":17},"end":{"line":21,"column":null}},"11":{"start":{"line":21,"column":10},"end":{"line":21,"column":null}},"12":{"start":{"line":23,"column":4},"end":{"line":25,"column":null}},"13":{"start":{"line":24,"column":6},"end":{"line":24,"column":71}},"14":{"start":{"line":27,"column":8},"end":{"line":27,"column":12}},"15":{"start":{"line":29,"column":12},"end":{"line":29,"column":80}},"16":{"start":{"line":30,"column":35},"end":{"line":30,"column":null}},"17":{"start":{"line":30,"column":12},"end":{"line":30,"column":null}},"18":{"start":{"line":32,"column":10},"end":{"line":32,"column":30}},"19":{"start":{"line":33,"column":8},"end":{"line":33,"column":53}},"20":{"start":{"line":36,"column":4},"end":{"line":36,"column":33}},"21":{"start":{"line":37,"column":4},"end":{"line":37,"column":42}},"22":{"start":{"line":39,"column":4},"end":{"line":39,"column":16}},"23":{"start":{"line":14,"column":6},"end":{"line":41,"column":null}},"24":{"start":{"line":41,"column":0},"end":{"line":41,"column":null}},"25":{"start":{"line":43,"column":0},"end":{"line":43,"column":39}}},"fnMap":{"0":{"name":"(anonymous_18)","decl":{"start":{"line":14,"column":0},"end":{"line":14,"column":6}},"loc":{"start":{"line":14,"column":0},"end":{"line":14,"column":6}}},"1":{"name":"UpdateUserAvatarService","decl":{"start":{"line":15,"column":2},"end":{"line":15,"column":null}},"loc":{"start":{"line":17,"column":45},"end":{"line":18,"column":6}}},"2":{"name":"(anonymous_20)","decl":{"start":{"line":20,"column":2},"end":{"line":20,"column":15}},"loc":{"start":{"line":20,"column":60},"end":{"line":40,"column":null}}}},"branchMap":{"0":{"loc":{"start":{"line":21,"column":17},"end":{"line":21,"column":null}},"type":"switch","locations":[{"start":{"line":21,"column":17},"end":{"line":21,"column":null}}]},"1":{"loc":{"start":{"line":23,"column":4},"end":{"line":25,"column":null}},"type":"if","locations":[{"start":{"line":23,"column":4},"end":{"line":25,"column":null}},{"start":{"line":23,"column":4},"end":{"line":25,"column":null}}]},"2":{"loc":{"start":{"line":27,"column":8},"end":{"line":27,"column":12}},"type":"if","locations":[{"start":{"line":27,"column":8},"end":{"line":27,"column":12}},{"start":{"line":27,"column":8},"end":{"line":27,"column":12}}]},"3":{"loc":{"start":{"line":32,"column":10},"end":{"line":32,"column":30}},"type":"if","locations":[{"start":{"line":32,"column":10},"end":{"line":32,"column":30}},{"start":{"line":32,"column":10},"end":{"line":32,"column":30}}]}},"s":{"0":0,"1":0,"2":0,"3":0,"4":0,"5":0,"6":0,"7":0,"8":0,"9":0,"10":0,"11":0,"12":0,"13":0,"14":0,"15":0,"16":0,"17":0,"18":0,"19":0,"20":0,"21":0,"22":0,"23":0,"24":0,"25":0},"f":{"0":0,"1":0,"2":0},"b":{"0":[0],"1":[0,0],"2":[0,0],"3":[0,0]}}
}
